<!DOCTYPE html PUBLIC "-//W3C//DTD XHTML 1.1//EN" "https://www.w3.org/TR/xhtml11/DTD/xhtml11.dtd">
<html xmlns="https://www.w3.org/1999/xhtml">
<head>
<meta http-equiv="content-type" content="text/html; charset=UTF-8"/>
<title>TestNG Report</title>
<style type="text/css">table {margin-bottom:10px;border-collapse:collapse;empty-cells:show}th,td {border:1px solid #009;padding:.25em .5em}th {vertical-align:bottom}td {vertical-align:top}table a {font-weight:bold}.stripe td {background-color: #E6EBF9}.num {text-align:right}.passedodd td {background-color: #3F3}.passedeven td {background-color: #0A0}.skippedodd td {background-color: #DDD}.skippedeven td {background-color: #CCC}.failedodd td,.attn {background-color: #F33}.failedeven td,.stripe .attn {background-color: #D00}.stacktrace {white-space:pre;font-family:monospace}.totop {font-size:85%;text-align:center;border-bottom:2px solid #000}.invisible {display:none}</style>
</head>
<body>
<table>
<tr><th>Test</th><th># Passed</th><th># Skipped</th><th># Retried</th><th># Failed</th><th>Time (ms)</th><th>Included Groups</th><th>Excluded Groups</th></tr>
<tr><th colspan="8">UI Regression Suite</th></tr>
<tr><td><a href="#t0">LoginTest</a></td><td class="num">1</td><td class="num">0</td><td class="num">0</td><td class="num">0</td><td class="num">19,250</td><td></td><td></td></tr>
<tr class="stripe"><td><a href="#t1">ParallelTests</a></td><td class="num">16</td><td class="num">0</td><td class="num">0</td><td class="num attn">15</td><td class="num">927,041</td><td></td><td></td></tr>
<tr><th>Total</th><th class="num">17</th><th class="num">0</th><th class="num">0</th><th class="num attn">15</th><th class="num">946,291</th><th colspan="2"></th></tr>
</table>
<table id='summary'><thead><tr><th>Class</th><th>Method</th><th>Start</th><th>Time (ms)</th></tr></thead><tbody><tr><th colspan="4">UI Regression Suite</th></tr></tbody><tbody id="t0"><tr><th colspan="4">LoginTest &#8212; passed</th></tr><tr class="passedeven"><td rowspan="1">UnbxdTests.testNG.login.LoginTest</td><td><a href="#m0">loginAndSaveCookies</a></td><td rowspan="1">1752642516335</td><td rowspan="1">16339</td></tr></tbody>
<tbody id="t1"><tr><th colspan="4">ParallelTests &#8212; failed</th></tr><tr class="failedeven"><td rowspan="1">UnbxdTests.testNG.consoleui.BoutiqueExperienceTest</td><td><a href="#m1">createBoutiqueExperience</a></td><td rowspan="1">1752642554364</td><td rowspan="1">23852</td></tr><tr class="failedodd"><td rowspan="1">UnbxdTests.testNG.consoleui.CoreAlgorithmsTest</td><td><a href="#m2">testNavigateToCoreAlgorithmsPage</a></td><td rowspan="1">1752642549432</td><td rowspan="1">94397</td></tr><tr class="failedeven"><td rowspan="3">UnbxdTests.testNG.consoleui.CustomAlgorithmsTest</td><td><a href="#m3">testCustomAlgorithm</a></td><td rowspan="3">1752642782159</td><td rowspan="3">67801</td></tr><tr class="failedeven"><td><a href="#m4">testCustomAlgorithm</a></td></tr><tr class="failedeven"><td><a href="#m5">testCustomAlgorithm</a></td></tr><tr class="failedodd"><td rowspan="1">UnbxdTests.testNG.consoleui.DHBoutiqueTemplateTest</td><td><a href="#m6">testTemplatesPageElementsInteraction</a></td><td rowspan="1">1752642557707</td><td rowspan="1">180261</td></tr><tr class="failedeven"><td rowspan="1">UnbxdTests.testNG.consoleui.DVstandardWidgetTemplateTest</td><td><a href="#m7">testTemplatesPageElementsInteraction</a></td><td rowspan="1">1752642606402</td><td rowspan="1">115847</td></tr><tr class="failedodd"><td rowspan="1">UnbxdTests.testNG.consoleui.ExpTest</td><td><a href="#m8">createExperienceTest</a></td><td rowspan="1">1752642557529</td><td rowspan="1">25616</td></tr><tr class="failedeven"><td rowspan="1">UnbxdTests.testNG.consoleui.JourneyExperienceTest</td><td><a href="#m9">createJourneyExperience</a></td><td rowspan="1">1752642553688</td><td rowspan="1">24840</td></tr><tr class="failedodd"><td rowspan="1">UnbxdTests.testNG.consoleui.MHboutiqueTemplateTest</td><td><a href="#m10">testTemplatesPageElementsInteraction</a></td><td rowspan="1">1752642658524</td><td rowspan="1">134922</td></tr><tr class="failedeven"><td rowspan="1">UnbxdTests.testNG.consoleui.MVstandardWidgetTemplateTest</td><td><a href="#m11">testTemplatesPageElementsInteraction</a></td><td rowspan="1">1752642813126</td><td rowspan="1">97305</td></tr><tr class="failedodd"><td rowspan="1">UnbxdTests.testNG.consoleui.MVtinderLikeBehaviorTemplateTest</td><td><a href="#m12">testTemplatesPageElementsInteraction</a></td><td rowspan="1">1752642813125</td><td rowspan="1">130030</td></tr><tr class="failedeven"><td rowspan="1">UnbxdTests.testNG.consoleui.broadCastPageTest</td><td><a href="#m13">createBroadCastExperience</a></td><td rowspan="1">1752642554986</td><td rowspan="1">26140</td></tr><tr class="failedodd"><td rowspan="2">UnbxdTests.testNG.consoleui.topsellersCustomAlgoTest</td><td><a href="#m14">testCustomAlgorithm</a></td><td rowspan="2">1752642609944</td><td rowspan="2">67862</td></tr><tr class="failedodd"><td><a href="#m15">testCustomAlgorithm</a></td></tr><tr><th colspan="4">ParallelTests &#8212; passed</th></tr><tr class="passedeven"><td rowspan="3">UnbxdTests.testNG.consoleui.CustomAlgorithmsTest</td><td><a href="#m16">testCustomAlgorithm</a></td><td rowspan="3">1752642850424</td><td rowspan="3">62898</td></tr><tr class="passedeven"><td><a href="#m17">testCustomAlgorithm</a></td></tr><tr class="passedeven"><td><a href="#m18">testCustomAlgorithm</a></td></tr><tr class="passedodd"><td rowspan="1">UnbxdTests.testNG.consoleui.DHexitIntentTemplatetest</td><td><a href="#m19">testTemplatesPageElementsInteraction</a></td><td rowspan="1">1752642553245</td><td rowspan="1">164311</td></tr><tr class="passedeven"><td rowspan="1">UnbxdTests.testNG.consoleui.DHstandardWidgettemplateTest</td><td><a href="#m20">testTemplatesPageElementsInteraction</a></td><td rowspan="1">1752642552934</td><td rowspan="1">158416</td></tr><tr class="passedodd"><td rowspan="1">UnbxdTests.testNG.consoleui.DVBoutiqueTemplateTest</td><td><a href="#m21">testTemplatesPageElementsInteraction</a></td><td rowspan="1">1752642608275</td><td rowspan="1">203713</td></tr><tr class="passedeven"><td rowspan="1">UnbxdTests.testNG.consoleui.DVexitIntentTemplateTest</td><td><a href="#m22">testTemplatesPageElementsInteraction</a></td><td rowspan="1">1752642607710</td><td rowspan="1">183459</td></tr><tr class="passedodd"><td rowspan="4">UnbxdTests.testNG.consoleui.ExpTest</td><td><a href="#m23">createExperienceTest</a></td><td rowspan="4">1752642584383</td><td rowspan="4">220520</td></tr><tr class="passedodd"><td><a href="#m24">createExperienceTest</a></td></tr><tr class="passedodd"><td><a href="#m25">createExperienceTest</a></td></tr><tr class="passedodd"><td><a href="#m26">createExperienceTest</a></td></tr><tr class="passedeven"><td rowspan="1">UnbxdTests.testNG.consoleui.MHinstagramLikeBehaaviorTemplateTest</td><td><a href="#m27">testTemplatesPageElementsInteraction</a></td><td rowspan="1">1752642702067</td><td rowspan="1">162535</td></tr><tr class="passedodd"><td rowspan="1">UnbxdTests.testNG.consoleui.MHstandardWidgettemplateTest</td><td><a href="#m28">testTemplatesPageElementsInteraction</a></td><td rowspan="1">1752642732178</td><td rowspan="1">156826</td></tr><tr class="passedeven"><td rowspan="1">UnbxdTests.testNG.consoleui.MHtinderLikeBehaviorTemplateTest</td><td><a href="#m29">testTemplatesPageElementsInteraction</a></td><td rowspan="1">1752642742005</td><td rowspan="1">178962</td></tr><tr class="passedodd"><td rowspan="1">UnbxdTests.testNG.consoleui.MVboutiqueTemplateTest</td><td><a href="#m30">testTemplatesPageElementsInteraction</a></td><td rowspan="1">1752642738899</td><td rowspan="1">183925</td></tr><tr class="passedeven"><td rowspan="1">UnbxdTests.testNG.consoleui.MVinstagramLikeBehaviorTemplateTest</td><td><a href="#m31">testTemplatesPageElementsInteraction</a></td><td rowspan="1">1752642755906</td><td rowspan="1">198224</td></tr></tbody>
</table>
<h2>LoginTest</h2><h3 id="m0">UnbxdTests.testNG.login.LoginTest#loginAndSaveCookies</h3><table class="result"><tr><th class="invisible"/></tr></table><p class="totop"><a href="#summary">back to summary</a></p>
<h2>ParallelTests</h2><h3 id="m1">UnbxdTests.testNG.consoleui.BoutiqueExperienceTest#createBoutiqueExperience</h3><table class="result"><tr class="param"><th>Parameter #1</th></tr><tr class="param stripe"><td>{&quot;pageName&quot;:&quot;Boutique Page&quot;,&quot;widgetName&quot;:&quot;WIDGET 1&quot;,&quot;desktopTemplate&quot;:&quot;Untitled-layout-771  (desktop browser)&quot;,&quot;mobileTemplate&quot;:&quot;U769  (mobile browser)&quot;,&quot;customAlgo&quot;:&quot;boutiqueExperience&quot;,&quot;EditWidgetType&quot;:&quot;WIDGET 2&quot;}</td></tr><tr><th>Exception</th></tr><tr><td><div class="stacktrace">java.lang.RuntimeException: Failed to set experience name after retries
	at core.consoleui.actions.ExpActions.robustSetExperienceName(ExpActions.java:113)
	at core.consoleui.actions.ExpActions.enterRandomExperienceName(ExpActions.java:68)
	at UnbxdTests.testNG.consoleui.BoutiqueExperienceTest.createBoutiqueExperience(BoutiqueExperienceTest.java:49)
	at java.base/java.util.concurrent.ThreadPoolExecutor.runWorker(ThreadPoolExecutor.java:1136)
	at java.base/java.util.concurrent.ThreadPoolExecutor$Worker.run(ThreadPoolExecutor.java:635)
	at java.base/java.lang.Thread.run(Thread.java:840)
... Removed 12 stack frames</div></td></tr></table><p class="totop"><a href="#summary">back to summary</a></p>
<h3 id="m2">UnbxdTests.testNG.consoleui.CoreAlgorithmsTest#testNavigateToCoreAlgorithmsPage</h3><table class="result"><tr class="param"><th>Parameter #1</th></tr><tr class="param stripe"><td>{&quot;parentID&quot;:&quot;AAM15MB01&quot;,&quot;childID&quot;:&quot;AAM15MB04&quot;,&quot;childID1&quot;:&quot;AAM15MBBE&quot;}</td></tr><tr><th>Exception</th></tr><tr><td><div class="stacktrace">org.openqa.selenium.TimeoutException: Timed out after 10 seconds waiting for element to be clickable: By.xpath: //table//td[contains(text(),&apos;AAM15MB01&apos;)]
Build info: version: &apos;2.53.1&apos;, revision: &apos;a36b8b1cd5757287168e54b817830adce9b0158d&apos;, time: &apos;2016-06-30 19:26:09&apos;
System info: host: &apos;akhilsurigi.local&apos;, ip: &apos;127.0.0.1&apos;, os.name: &apos;Mac OS X&apos;, os.arch: &apos;x86_64&apos;, os.version: &apos;14.7.6&apos;, java.version: &apos;17.0.11&apos;
Driver info: org.openqa.selenium.chrome.ChromeDriver
Capabilities [{mobileEmulationEnabled=false, timeouts={implicit=0, pageLoad=300000, script=30000}, hasTouchScreen=false, platform=MAC, acceptSslCerts=false, goog:chromeOptions={debuggerAddress=localhost:52179}, webauthn:extension:credBlob=true, acceptInsecureCerts=false, fedcm:accounts=true, webStorageEnabled=true, browserName=chrome, takesScreenshot=true, javascriptEnabled=true, setWindowRect=true, webauthn:extension:largeBlob=true, unexpectedAlertBehaviour=ignore, rotatable=false, networkConnectionEnabled=false, chrome={chromedriverVersion=138.0.7204.92 (f079b9bc781e3c2adb1496ea1d72812deb0ddb3d-refs/branch-heads/7204_50@{#8}), userDataDir=/var/folders/jq/g7t0y59s7lnbqlgfqv3kgyph0000gn/T/.org.chromium.Chromium.PHSCnZ}, takesHeapSnapshot=true, pageLoadStrategy=normal, strictFileInteractability=false, databaseEnabled=false, handlesAlerts=true, version=138.0.7204.101, browserConnectionEnabled=false, proxy={}, nativeEvents=true, webauthn:extension:minPinLength=true, webauthn:extension:prf=true, locationContextEnabled=true, cssSelectorsEnabled=true, webauthn:virtualAuthenticators=true}]
Session ID: de42aad335dd1d6804cbb1a1057f4d93
	at org.openqa.selenium.support.ui.WebDriverWait.timeoutException(WebDriverWait.java:80)
	at org.openqa.selenium.support.ui.FluentWait.until(FluentWait.java:261)
	at core.consoleui.actions.CoreAlgorithmsActions.clickParentIdInListing(CoreAlgorithmsActions.java:87)
	at UnbxdTests.testNG.consoleui.CoreAlgorithmsTest.testNavigateToCoreAlgorithmsPage(CoreAlgorithmsTest.java:115)
	at java.base/java.util.concurrent.ThreadPoolExecutor.runWorker(ThreadPoolExecutor.java:1136)
	at java.base/java.util.concurrent.ThreadPoolExecutor$Worker.run(ThreadPoolExecutor.java:635)
	at java.base/java.lang.Thread.run(Thread.java:840)
Caused by: org.openqa.selenium.NoSuchElementException: no such element: Unable to locate element: {&quot;method&quot;:&quot;xpath&quot;,&quot;selector&quot;:&quot;//table//td[contains(text(),&apos;AAM15MB01&apos;)]&quot;}
  (Session info: chrome=138.0.7204.101)
  (Driver info: chromedriver=138.0.7204.92 (f079b9bc781e3c2adb1496ea1d72812deb0ddb3d-refs/branch-heads/7204_50@{#8}),platform=Mac OS X 14.7.6 x86_64) (WARNING: The server did not provide any stacktrace information)
Command duration or timeout: 20.07 seconds
For documentation on this error, please visit: http://seleniumhq.org/exceptions/no_such_element.html
Build info: version: &apos;2.53.1&apos;, revision: &apos;a36b8b1cd5757287168e54b817830adce9b0158d&apos;, time: &apos;2016-06-30 19:26:09&apos;
System info: host: &apos;akhilsurigi.local&apos;, ip: &apos;127.0.0.1&apos;, os.name: &apos;Mac OS X&apos;, os.arch: &apos;x86_64&apos;, os.version: &apos;14.7.6&apos;, java.version: &apos;17.0.11&apos;
Driver info: org.openqa.selenium.chrome.ChromeDriver
Capabilities [{mobileEmulationEnabled=false, timeouts={implicit=0, pageLoad=300000, script=30000}, hasTouchScreen=false, platform=MAC, acceptSslCerts=false, goog:chromeOptions={debuggerAddress=localhost:52179}, webauthn:extension:credBlob=true, acceptInsecureCerts=false, fedcm:accounts=true, webStorageEnabled=true, browserName=chrome, takesScreenshot=true, javascriptEnabled=true, setWindowRect=true, webauthn:extension:largeBlob=true, unexpectedAlertBehaviour=ignore, rotatable=false, networkConnectionEnabled=false, chrome={chromedriverVersion=138.0.7204.92 (f079b9bc781e3c2adb1496ea1d72812deb0ddb3d-refs/branch-heads/7204_50@{#8}), userDataDir=/var/folders/jq/g7t0y59s7lnbqlgfqv3kgyph0000gn/T/.org.chromium.Chromium.PHSCnZ}, takesHeapSnapshot=true, pageLoadStrategy=normal, strictFileInteractability=false, databaseEnabled=false, handlesAlerts=true, version=138.0.7204.101, browserConnectionEnabled=false, proxy={}, nativeEvents=true, webauthn:extension:minPinLength=true, webauthn:extension:prf=true, locationContextEnabled=true, cssSelectorsEnabled=true, webauthn:virtualAuthenticators=true}]
Session ID: de42aad335dd1d6804cbb1a1057f4d93
*** Element info: {Using=xpath, value=//table//td[contains(text(),&apos;AAM15MB01&apos;)]}
	at org.openqa.selenium.remote.ErrorHandler.createThrowable(ErrorHandler.java:206)
	at org.openqa.selenium.remote.ErrorHandler.throwIfResponseFailed(ErrorHandler.java:158)
	at org.openqa.selenium.remote.RemoteWebDriver.execute(RemoteWebDriver.java:678)
	at org.openqa.selenium.remote.RemoteWebDriver.findElement(RemoteWebDriver.java:363)
	at org.openqa.selenium.remote.RemoteWebDriver.findElementByXPath(RemoteWebDriver.java:500)
	at org.openqa.selenium.By$ByXPath.findElement(By.java:361)
	at org.openqa.selenium.remote.RemoteWebDriver.findElement(RemoteWebDriver.java:355)
	at org.openqa.selenium.support.ui.ExpectedConditions.findElement(ExpectedConditions.java:899)
	at org.openqa.selenium.support.ui.ExpectedConditions.access$000(ExpectedConditions.java:41)
	at org.openqa.selenium.support.ui.ExpectedConditions$7.apply(ExpectedConditions.java:205)
	at org.openqa.selenium.support.ui.ExpectedConditions$7.apply(ExpectedConditions.java:201)
	at org.openqa.selenium.support.ui.ExpectedConditions$22.apply(ExpectedConditions.java:653)
	at org.openqa.selenium.support.ui.ExpectedConditions$22.apply(ExpectedConditions.java:646)
	at org.openqa.selenium.support.ui.FluentWait.until(FluentWait.java:238)
	... 17 more
... Removed 17 stack frames</div></td></tr></table><p class="totop"><a href="#summary">back to summary</a></p>
<h3 id="m3">UnbxdTests.testNG.consoleui.CustomAlgorithmsTest#testCustomAlgorithm</h3><table class="result"><tr class="param"><th>Parameter #1</th></tr><tr class="param stripe"><td>{&quot;customAlgo&quot;:&quot;Viewed also viewed&quot;,&quot;noOfSlots&quot;:&quot;10&quot;,&quot;editCustomAlgo&quot;:&quot;Recommended For You&quot;}</td></tr><tr><th>Exception</th></tr><tr><td><div class="stacktrace">org.openqa.selenium.TimeoutException: Timed out after 20 seconds waiting for visibility of element located by By.cssSelector: input[placeholder=&apos;Search for Custom Algorithm&apos;]
Build info: version: &apos;2.53.1&apos;, revision: &apos;a36b8b1cd5757287168e54b817830adce9b0158d&apos;, time: &apos;2016-06-30 19:26:09&apos;
System info: host: &apos;akhilsurigi.local&apos;, ip: &apos;127.0.0.1&apos;, os.name: &apos;Mac OS X&apos;, os.arch: &apos;x86_64&apos;, os.version: &apos;14.7.6&apos;, java.version: &apos;17.0.11&apos;
Driver info: org.openqa.selenium.chrome.ChromeDriver
Capabilities [{mobileEmulationEnabled=false, timeouts={implicit=0, pageLoad=300000, script=30000}, hasTouchScreen=false, platform=MAC, acceptSslCerts=false, goog:chromeOptions={debuggerAddress=localhost:52187}, webauthn:extension:credBlob=true, acceptInsecureCerts=false, fedcm:accounts=true, webStorageEnabled=true, browserName=chrome, takesScreenshot=true, javascriptEnabled=true, setWindowRect=true, webauthn:extension:largeBlob=true, unexpectedAlertBehaviour=ignore, rotatable=false, networkConnectionEnabled=false, chrome={chromedriverVersion=138.0.7204.92 (f079b9bc781e3c2adb1496ea1d72812deb0ddb3d-refs/branch-heads/7204_50@{#8}), userDataDir=/var/folders/jq/g7t0y59s7lnbqlgfqv3kgyph0000gn/T/.org.chromium.Chromium.8JtbKK}, takesHeapSnapshot=true, pageLoadStrategy=normal, strictFileInteractability=false, databaseEnabled=false, handlesAlerts=true, version=138.0.7204.101, browserConnectionEnabled=false, proxy={}, nativeEvents=true, webauthn:extension:minPinLength=true, webauthn:extension:prf=true, locationContextEnabled=true, cssSelectorsEnabled=true, webauthn:virtualAuthenticators=true}]
Session ID: 7380baa7017f14962294d192a3ef5706
	at org.openqa.selenium.support.ui.WebDriverWait.timeoutException(WebDriverWait.java:80)
	at org.openqa.selenium.support.ui.FluentWait.until(FluentWait.java:261)
	at UnbxdTests.testNG.consoleui.CustomAlgorithmsTest.testCustomAlgorithm(CustomAlgorithmsTest.java:65)
	at java.base/java.util.concurrent.ThreadPoolExecutor.runWorker(ThreadPoolExecutor.java:1136)
	at java.base/java.util.concurrent.ThreadPoolExecutor$Worker.run(ThreadPoolExecutor.java:635)
	at java.base/java.lang.Thread.run(Thread.java:840)
Caused by: org.openqa.selenium.NoSuchElementException: no such element: Unable to locate element: {&quot;method&quot;:&quot;css selector&quot;,&quot;selector&quot;:&quot;input[placeholder=&apos;Search for Custom Algorithm&apos;]&quot;}
  (Session info: chrome=138.0.7204.101)
  (Driver info: chromedriver=138.0.7204.92 (f079b9bc781e3c2adb1496ea1d72812deb0ddb3d-refs/branch-heads/7204_50@{#8}),platform=Mac OS X 14.7.6 x86_64) (WARNING: The server did not provide any stacktrace information)
Command duration or timeout: 20.01 seconds
For documentation on this error, please visit: http://seleniumhq.org/exceptions/no_such_element.html
Build info: version: &apos;2.53.1&apos;, revision: &apos;a36b8b1cd5757287168e54b817830adce9b0158d&apos;, time: &apos;2016-06-30 19:26:09&apos;
System info: host: &apos;akhilsurigi.local&apos;, ip: &apos;127.0.0.1&apos;, os.name: &apos;Mac OS X&apos;, os.arch: &apos;x86_64&apos;, os.version: &apos;14.7.6&apos;, java.version: &apos;17.0.11&apos;
Driver info: org.openqa.selenium.chrome.ChromeDriver
Capabilities [{mobileEmulationEnabled=false, timeouts={implicit=0, pageLoad=300000, script=30000}, hasTouchScreen=false, platform=MAC, acceptSslCerts=false, goog:chromeOptions={debuggerAddress=localhost:52187}, webauthn:extension:credBlob=true, acceptInsecureCerts=false, fedcm:accounts=true, webStorageEnabled=true, browserName=chrome, takesScreenshot=true, javascriptEnabled=true, setWindowRect=true, webauthn:extension:largeBlob=true, unexpectedAlertBehaviour=ignore, rotatable=false, networkConnectionEnabled=false, chrome={chromedriverVersion=138.0.7204.92 (f079b9bc781e3c2adb1496ea1d72812deb0ddb3d-refs/branch-heads/7204_50@{#8}), userDataDir=/var/folders/jq/g7t0y59s7lnbqlgfqv3kgyph0000gn/T/.org.chromium.Chromium.8JtbKK}, takesHeapSnapshot=true, pageLoadStrategy=normal, strictFileInteractability=false, databaseEnabled=false, handlesAlerts=true, version=138.0.7204.101, browserConnectionEnabled=false, proxy={}, nativeEvents=true, webauthn:extension:minPinLength=true, webauthn:extension:prf=true, locationContextEnabled=true, cssSelectorsEnabled=true, webauthn:virtualAuthenticators=true}]
Session ID: 7380baa7017f14962294d192a3ef5706
*** Element info: {Using=css selector, value=input[placeholder=&apos;Search for Custom Algorithm&apos;]}
	at org.openqa.selenium.remote.ErrorHandler.createThrowable(ErrorHandler.java:206)
	at org.openqa.selenium.remote.ErrorHandler.throwIfResponseFailed(ErrorHandler.java:158)
	at org.openqa.selenium.remote.RemoteWebDriver.execute(RemoteWebDriver.java:678)
	at org.openqa.selenium.remote.RemoteWebDriver.findElement(RemoteWebDriver.java:363)
	at org.openqa.selenium.remote.RemoteWebDriver.findElementByCssSelector(RemoteWebDriver.java:492)
	at org.openqa.selenium.By$ByCssSelector.findElement(By.java:430)
	at org.openqa.selenium.remote.RemoteWebDriver.findElement(RemoteWebDriver.java:355)
	at org.openqa.selenium.support.ui.ExpectedConditions.findElement(ExpectedConditions.java:899)
	at org.openqa.selenium.support.ui.ExpectedConditions.access$000(ExpectedConditions.java:41)
	at org.openqa.selenium.support.ui.ExpectedConditions$7.apply(ExpectedConditions.java:205)
	at org.openqa.selenium.support.ui.ExpectedConditions$7.apply(ExpectedConditions.java:201)
	at org.openqa.selenium.support.ui.FluentWait.until(FluentWait.java:238)
	... 16 more
... Removed 16 stack frames</div></td></tr></table><p class="totop"><a href="#summary">back to summary</a></p>
<h3 id="m4">UnbxdTests.testNG.consoleui.CustomAlgorithmsTest#testCustomAlgorithm</h3><table class="result"><tr class="param"><th>Parameter #1</th></tr><tr class="param stripe"><td>{&quot;customAlgo&quot;:&quot;Most Viewed&quot;,&quot;noOfSlots&quot;:&quot;10&quot;,&quot;editCustomAlgo&quot;:&quot;Recommended For You&quot;}</td></tr><tr><th>Exception</th></tr><tr><td><div class="stacktrace">org.openqa.selenium.StaleElementReferenceException: stale element reference: stale element not found in the current frame
  (Session info: chrome=138.0.7204.101)
  (Driver info: chromedriver=138.0.7204.92 (f079b9bc781e3c2adb1496ea1d72812deb0ddb3d-refs/branch-heads/7204_50@{#8}),platform=Mac OS X 14.7.6 x86_64) (WARNING: The server did not provide any stacktrace information)
Command duration or timeout: 236 milliseconds
For documentation on this error, please visit: http://seleniumhq.org/exceptions/stale_element_reference.html
Build info: version: &apos;2.53.1&apos;, revision: &apos;a36b8b1cd5757287168e54b817830adce9b0158d&apos;, time: &apos;2016-06-30 19:26:09&apos;
System info: host: &apos;akhilsurigi.local&apos;, ip: &apos;127.0.0.1&apos;, os.name: &apos;Mac OS X&apos;, os.arch: &apos;x86_64&apos;, os.version: &apos;14.7.6&apos;, java.version: &apos;17.0.11&apos;
Driver info: org.openqa.selenium.chrome.ChromeDriver
Capabilities [{mobileEmulationEnabled=false, timeouts={implicit=0, pageLoad=300000, script=30000}, hasTouchScreen=false, platform=MAC, acceptSslCerts=false, goog:chromeOptions={debuggerAddress=localhost:52187}, webauthn:extension:credBlob=true, acceptInsecureCerts=false, fedcm:accounts=true, webStorageEnabled=true, browserName=chrome, takesScreenshot=true, javascriptEnabled=true, setWindowRect=true, webauthn:extension:largeBlob=true, unexpectedAlertBehaviour=ignore, rotatable=false, networkConnectionEnabled=false, chrome={chromedriverVersion=138.0.7204.92 (f079b9bc781e3c2adb1496ea1d72812deb0ddb3d-refs/branch-heads/7204_50@{#8}), userDataDir=/var/folders/jq/g7t0y59s7lnbqlgfqv3kgyph0000gn/T/.org.chromium.Chromium.8JtbKK}, takesHeapSnapshot=true, pageLoadStrategy=normal, strictFileInteractability=false, databaseEnabled=false, handlesAlerts=true, version=138.0.7204.101, browserConnectionEnabled=false, proxy={}, nativeEvents=true, webauthn:extension:minPinLength=true, webauthn:extension:prf=true, locationContextEnabled=true, cssSelectorsEnabled=true, webauthn:virtualAuthenticators=true}]
Session ID: 7380baa7017f14962294d192a3ef5706
	at org.openqa.selenium.remote.ErrorHandler.createThrowable(ErrorHandler.java:206)
	at org.openqa.selenium.remote.ErrorHandler.throwIfResponseFailed(ErrorHandler.java:158)
	at org.openqa.selenium.remote.RemoteWebDriver.execute(RemoteWebDriver.java:678)
	at org.openqa.selenium.remote.RemoteWebElement.execute(RemoteWebElement.java:327)
	at org.openqa.selenium.remote.RemoteWebElement.click(RemoteWebElement.java:85)
	at org.openqa.selenium.support.pagefactory.internal.LocatingElementHandler.invoke(LocatingElementHandler.java:51)
	at jdk.proxy2/jdk.proxy2.$Proxy11.click(Unknown Source)
	at core.consoleui.actions.CustomAlgorithmsActions.clickDeleteButton(CustomAlgorithmsActions.java:133)
	at UnbxdTests.testNG.consoleui.CustomAlgorithmsTest.testCustomAlgorithm(CustomAlgorithmsTest.java:88)
	at java.base/java.util.concurrent.ThreadPoolExecutor.runWorker(ThreadPoolExecutor.java:1136)
	at java.base/java.util.concurrent.ThreadPoolExecutor$Worker.run(ThreadPoolExecutor.java:635)
	at java.base/java.lang.Thread.run(Thread.java:840)
... Removed 20 stack frames</div></td></tr></table><p class="totop"><a href="#summary">back to summary</a></p>
<h3 id="m5">UnbxdTests.testNG.consoleui.CustomAlgorithmsTest#testCustomAlgorithm</h3><table class="result"><tr class="param"><th>Parameter #1</th></tr><tr class="param stripe"><td>{&quot;customAlgo&quot;:&quot;Recommended For You&quot;,&quot;noOfSlots&quot;:&quot;10&quot;,&quot;editCustomAlgo&quot;:&quot;Most Viewed&quot;}</td></tr><tr><th>Exception</th></tr><tr><td><div class="stacktrace">org.openqa.selenium.TimeoutException: Timed out after 20 seconds waiting for visibility of element located by By.cssSelector: input[placeholder=&apos;Search for Custom Algorithm&apos;]
Build info: version: &apos;2.53.1&apos;, revision: &apos;a36b8b1cd5757287168e54b817830adce9b0158d&apos;, time: &apos;2016-06-30 19:26:09&apos;
System info: host: &apos;akhilsurigi.local&apos;, ip: &apos;127.0.0.1&apos;, os.name: &apos;Mac OS X&apos;, os.arch: &apos;x86_64&apos;, os.version: &apos;14.7.6&apos;, java.version: &apos;17.0.11&apos;
Driver info: org.openqa.selenium.chrome.ChromeDriver
Capabilities [{mobileEmulationEnabled=false, timeouts={implicit=0, pageLoad=300000, script=30000}, hasTouchScreen=false, platform=MAC, acceptSslCerts=false, goog:chromeOptions={debuggerAddress=localhost:52187}, webauthn:extension:credBlob=true, acceptInsecureCerts=false, fedcm:accounts=true, webStorageEnabled=true, browserName=chrome, takesScreenshot=true, javascriptEnabled=true, setWindowRect=true, webauthn:extension:largeBlob=true, unexpectedAlertBehaviour=ignore, rotatable=false, networkConnectionEnabled=false, chrome={chromedriverVersion=138.0.7204.92 (f079b9bc781e3c2adb1496ea1d72812deb0ddb3d-refs/branch-heads/7204_50@{#8}), userDataDir=/var/folders/jq/g7t0y59s7lnbqlgfqv3kgyph0000gn/T/.org.chromium.Chromium.8JtbKK}, takesHeapSnapshot=true, pageLoadStrategy=normal, strictFileInteractability=false, databaseEnabled=false, handlesAlerts=true, version=138.0.7204.101, browserConnectionEnabled=false, proxy={}, nativeEvents=true, webauthn:extension:minPinLength=true, webauthn:extension:prf=true, locationContextEnabled=true, cssSelectorsEnabled=true, webauthn:virtualAuthenticators=true}]
Session ID: 7380baa7017f14962294d192a3ef5706
	at org.openqa.selenium.support.ui.WebDriverWait.timeoutException(WebDriverWait.java:80)
	at org.openqa.selenium.support.ui.FluentWait.until(FluentWait.java:261)
	at UnbxdTests.testNG.consoleui.CustomAlgorithmsTest.testCustomAlgorithm(CustomAlgorithmsTest.java:65)
	at java.base/java.util.concurrent.ThreadPoolExecutor.runWorker(ThreadPoolExecutor.java:1136)
	at java.base/java.util.concurrent.ThreadPoolExecutor$Worker.run(ThreadPoolExecutor.java:635)
	at java.base/java.lang.Thread.run(Thread.java:840)
Caused by: org.openqa.selenium.NoSuchElementException: no such element: Unable to locate element: {&quot;method&quot;:&quot;css selector&quot;,&quot;selector&quot;:&quot;input[placeholder=&apos;Search for Custom Algorithm&apos;]&quot;}
  (Session info: chrome=138.0.7204.101)
  (Driver info: chromedriver=138.0.7204.92 (f079b9bc781e3c2adb1496ea1d72812deb0ddb3d-refs/branch-heads/7204_50@{#8}),platform=Mac OS X 14.7.6 x86_64) (WARNING: The server did not provide any stacktrace information)
Command duration or timeout: 20.03 seconds
For documentation on this error, please visit: http://seleniumhq.org/exceptions/no_such_element.html
Build info: version: &apos;2.53.1&apos;, revision: &apos;a36b8b1cd5757287168e54b817830adce9b0158d&apos;, time: &apos;2016-06-30 19:26:09&apos;
System info: host: &apos;akhilsurigi.local&apos;, ip: &apos;127.0.0.1&apos;, os.name: &apos;Mac OS X&apos;, os.arch: &apos;x86_64&apos;, os.version: &apos;14.7.6&apos;, java.version: &apos;17.0.11&apos;
Driver info: org.openqa.selenium.chrome.ChromeDriver
Capabilities [{mobileEmulationEnabled=false, timeouts={implicit=0, pageLoad=300000, script=30000}, hasTouchScreen=false, platform=MAC, acceptSslCerts=false, goog:chromeOptions={debuggerAddress=localhost:52187}, webauthn:extension:credBlob=true, acceptInsecureCerts=false, fedcm:accounts=true, webStorageEnabled=true, browserName=chrome, takesScreenshot=true, javascriptEnabled=true, setWindowRect=true, webauthn:extension:largeBlob=true, unexpectedAlertBehaviour=ignore, rotatable=false, networkConnectionEnabled=false, chrome={chromedriverVersion=138.0.7204.92 (f079b9bc781e3c2adb1496ea1d72812deb0ddb3d-refs/branch-heads/7204_50@{#8}), userDataDir=/var/folders/jq/g7t0y59s7lnbqlgfqv3kgyph0000gn/T/.org.chromium.Chromium.8JtbKK}, takesHeapSnapshot=true, pageLoadStrategy=normal, strictFileInteractability=false, databaseEnabled=false, handlesAlerts=true, version=138.0.7204.101, browserConnectionEnabled=false, proxy={}, nativeEvents=true, webauthn:extension:minPinLength=true, webauthn:extension:prf=true, locationContextEnabled=true, cssSelectorsEnabled=true, webauthn:virtualAuthenticators=true}]
Session ID: 7380baa7017f14962294d192a3ef5706
*** Element info: {Using=css selector, value=input[placeholder=&apos;Search for Custom Algorithm&apos;]}
	at org.openqa.selenium.remote.ErrorHandler.createThrowable(ErrorHandler.java:206)
	at org.openqa.selenium.remote.ErrorHandler.throwIfResponseFailed(ErrorHandler.java:158)
	at org.openqa.selenium.remote.RemoteWebDriver.execute(RemoteWebDriver.java:678)
	at org.openqa.selenium.remote.RemoteWebDriver.findElement(RemoteWebDriver.java:363)
	at org.openqa.selenium.remote.RemoteWebDriver.findElementByCssSelector(RemoteWebDriver.java:492)
	at org.openqa.selenium.By$ByCssSelector.findElement(By.java:430)
	at org.openqa.selenium.remote.RemoteWebDriver.findElement(RemoteWebDriver.java:355)
	at org.openqa.selenium.support.ui.ExpectedConditions.findElement(ExpectedConditions.java:899)
	at org.openqa.selenium.support.ui.ExpectedConditions.access$000(ExpectedConditions.java:41)
	at org.openqa.selenium.support.ui.ExpectedConditions$7.apply(ExpectedConditions.java:205)
	at org.openqa.selenium.support.ui.ExpectedConditions$7.apply(ExpectedConditions.java:201)
	at org.openqa.selenium.support.ui.FluentWait.until(FluentWait.java:238)
	... 16 more
... Removed 17 stack frames</div></td></tr></table><p class="totop"><a href="#summary">back to summary</a></p>
<h3 id="m6">UnbxdTests.testNG.consoleui.DHBoutiqueTemplateTest#testTemplatesPageElementsInteraction</h3><table class="result"><tr class="param"><th>Parameter #1</th></tr><tr class="param stripe"><td>{&quot;widgetSize&quot;:&quot;700&quot;,&quot;Medium&quot;:&quot;Desktop&quot;,&quot;Layout&quot;:&quot;Horizontal&quot;,&quot;ProductsInDisplay&quot;:&quot;6&quot;,&quot;EditWidgetSize&quot;:&quot;700&quot;,&quot;MaximumProducts&quot;:&quot;12&quot;,&quot;TemplateType&quot;:&quot;Boutique&quot;,&quot;ButtonPosition&quot;:&quot;Left&quot;,&quot;TemplateName&quot;:&quot;autoTemplate1752642616096&quot;}</td></tr><tr><th>Exception</th></tr><tr><td><div class="stacktrace">org.openqa.selenium.NoSuchElementException: no such element: Unable to locate element: {&quot;method&quot;:&quot;css selector&quot;,&quot;selector&quot;:&quot;.search-input-container input[type=&apos;text&apos;][placeholder=&apos;Search by template name&apos;]&quot;}
  (Session info: chrome=138.0.7204.101)
  (Driver info: chromedriver=138.0.7204.92 (f079b9bc781e3c2adb1496ea1d72812deb0ddb3d-refs/branch-heads/7204_50@{#8}),platform=Mac OS X 14.7.6 x86_64) (WARNING: The server did not provide any stacktrace information)
Command duration or timeout: 20.02 seconds
For documentation on this error, please visit: http://seleniumhq.org/exceptions/no_such_element.html
Build info: version: &apos;2.53.1&apos;, revision: &apos;a36b8b1cd5757287168e54b817830adce9b0158d&apos;, time: &apos;2016-06-30 19:26:09&apos;
System info: host: &apos;akhilsurigi.local&apos;, ip: &apos;127.0.0.1&apos;, os.name: &apos;Mac OS X&apos;, os.arch: &apos;x86_64&apos;, os.version: &apos;14.7.6&apos;, java.version: &apos;17.0.11&apos;
Driver info: org.openqa.selenium.chrome.ChromeDriver
Capabilities [{mobileEmulationEnabled=false, timeouts={implicit=0, pageLoad=300000, script=30000}, hasTouchScreen=false, platform=MAC, acceptSslCerts=false, goog:chromeOptions={debuggerAddress=localhost:52176}, webauthn:extension:credBlob=true, acceptInsecureCerts=false, fedcm:accounts=true, webStorageEnabled=true, browserName=chrome, takesScreenshot=true, javascriptEnabled=true, setWindowRect=true, webauthn:extension:largeBlob=true, unexpectedAlertBehaviour=ignore, rotatable=false, networkConnectionEnabled=false, chrome={chromedriverVersion=138.0.7204.92 (f079b9bc781e3c2adb1496ea1d72812deb0ddb3d-refs/branch-heads/7204_50@{#8}), userDataDir=/var/folders/jq/g7t0y59s7lnbqlgfqv3kgyph0000gn/T/.org.chromium.Chromium.P9Bmd5}, takesHeapSnapshot=true, pageLoadStrategy=normal, strictFileInteractability=false, databaseEnabled=false, handlesAlerts=true, version=138.0.7204.101, browserConnectionEnabled=false, proxy={}, nativeEvents=true, webauthn:extension:minPinLength=true, webauthn:extension:prf=true, locationContextEnabled=true, cssSelectorsEnabled=true, webauthn:virtualAuthenticators=true}]
Session ID: bf84166dea5e39e6272856fd4ab2425e
*** Element info: {Using=css selector, value=.search-input-container input[type=&apos;text&apos;][placeholder=&apos;Search by template name&apos;]}
	at org.openqa.selenium.remote.ErrorHandler.createThrowable(ErrorHandler.java:206)
	at org.openqa.selenium.remote.ErrorHandler.throwIfResponseFailed(ErrorHandler.java:158)
	at org.openqa.selenium.remote.RemoteWebDriver.execute(RemoteWebDriver.java:678)
	at org.openqa.selenium.remote.RemoteWebDriver.findElement(RemoteWebDriver.java:363)
	at org.openqa.selenium.remote.RemoteWebDriver.findElementByCssSelector(RemoteWebDriver.java:492)
	at org.openqa.selenium.By$ByCssSelector.findElement(By.java:430)
	at org.openqa.selenium.remote.RemoteWebDriver.findElement(RemoteWebDriver.java:355)
	at org.openqa.selenium.support.pagefactory.DefaultElementLocator.findElement(DefaultElementLocator.java:69)
	at org.openqa.selenium.support.pagefactory.internal.LocatingElementHandler.invoke(LocatingElementHandler.java:38)
	at jdk.proxy2/jdk.proxy2.$Proxy11.clear(Unknown Source)
	at core.consoleui.actions.TemplatesActions1.searchTemplateByName(TemplatesActions1.java:273)
	at UnbxdTests.testNG.consoleui.DHBoutiqueTemplateTest.testTemplatesPageElementsInteraction(DHBoutiqueTemplateTest.java:76)
	at java.base/java.util.concurrent.ThreadPoolExecutor.runWorker(ThreadPoolExecutor.java:1136)
	at java.base/java.util.concurrent.ThreadPoolExecutor$Worker.run(ThreadPoolExecutor.java:635)
	at java.base/java.lang.Thread.run(Thread.java:840)
... Removed 16 stack frames</div></td></tr></table><p class="totop"><a href="#summary">back to summary</a></p>
<h3 id="m7">UnbxdTests.testNG.consoleui.DVstandardWidgetTemplateTest#testTemplatesPageElementsInteraction</h3><table class="result"><tr class="param"><th>Parameter #1</th></tr><tr class="param stripe"><td>{&quot;TemplateType&quot;:&quot;Standard Widget&quot;,&quot;widgetSize&quot;:&quot;200&quot;,&quot;Medium&quot;:&quot;Desktop&quot;,&quot;Layout&quot;:&quot;Vertical&quot;,&quot;ProductsInDisplay&quot;:&quot;6&quot;,&quot;EditWidgetSize&quot;:&quot;200&quot;,&quot;MaximumProducts&quot;:&quot;12&quot;}</td></tr><tr><th>Exception</th></tr><tr><td><div class="stacktrace">org.openqa.selenium.TimeoutException: Timed out after 10 seconds waiting for visibility of Proxy element for: DefaultElementLocator &apos;By.cssSelector: .name-modifier-container .modifier input[type=&apos;text&apos;]&apos;
Build info: version: &apos;2.53.1&apos;, revision: &apos;a36b8b1cd5757287168e54b817830adce9b0158d&apos;, time: &apos;2016-06-30 19:26:09&apos;
System info: host: &apos;akhilsurigi.local&apos;, ip: &apos;127.0.0.1&apos;, os.name: &apos;Mac OS X&apos;, os.arch: &apos;x86_64&apos;, os.version: &apos;14.7.6&apos;, java.version: &apos;17.0.11&apos;
Driver info: org.openqa.selenium.chrome.ChromeDriver
Capabilities [{mobileEmulationEnabled=false, timeouts={implicit=0, pageLoad=300000, script=30000}, hasTouchScreen=false, platform=MAC, acceptSslCerts=false, goog:chromeOptions={debuggerAddress=localhost:52839}, webauthn:extension:credBlob=true, acceptInsecureCerts=false, fedcm:accounts=true, webStorageEnabled=true, browserName=chrome, takesScreenshot=true, javascriptEnabled=true, setWindowRect=true, webauthn:extension:largeBlob=true, unexpectedAlertBehaviour=ignore, rotatable=false, networkConnectionEnabled=false, chrome={chromedriverVersion=138.0.7204.92 (f079b9bc781e3c2adb1496ea1d72812deb0ddb3d-refs/branch-heads/7204_50@{#8}), userDataDir=/var/folders/jq/g7t0y59s7lnbqlgfqv3kgyph0000gn/T/.org.chromium.Chromium.4r88py}, takesHeapSnapshot=true, pageLoadStrategy=normal, strictFileInteractability=false, databaseEnabled=false, handlesAlerts=true, version=138.0.7204.101, browserConnectionEnabled=false, proxy={}, nativeEvents=true, webauthn:extension:minPinLength=true, webauthn:extension:prf=true, locationContextEnabled=true, cssSelectorsEnabled=true, webauthn:virtualAuthenticators=true}]
Session ID: 54914c8666f54615cf5d9a01129eab1f
	at org.openqa.selenium.support.ui.WebDriverWait.timeoutException(WebDriverWait.java:80)
	at org.openqa.selenium.support.ui.FluentWait.until(FluentWait.java:261)
	at core.consoleui.actions.TemplatesActions1.enterTemplateName(TemplatesActions1.java:90)
	at core.consoleui.actions.TemplatesActions1.fillTemplateForm(TemplatesActions1.java:372)
	at UnbxdTests.testNG.consoleui.DVstandardWidgetTemplateTest.testTemplatesPageElementsInteraction(DVstandardWidgetTemplateTest.java:52)
	at java.base/java.util.concurrent.ThreadPoolExecutor.runWorker(ThreadPoolExecutor.java:1136)
	at java.base/java.util.concurrent.ThreadPoolExecutor$Worker.run(ThreadPoolExecutor.java:635)
	at java.base/java.lang.Thread.run(Thread.java:840)
Caused by: org.openqa.selenium.NoSuchElementException: no such element: Unable to locate element: {&quot;method&quot;:&quot;css selector&quot;,&quot;selector&quot;:&quot;.name-modifier-container .modifier input[type=&apos;text&apos;]&quot;}
  (Session info: chrome=138.0.7204.101)
  (Driver info: chromedriver=138.0.7204.92 (f079b9bc781e3c2adb1496ea1d72812deb0ddb3d-refs/branch-heads/7204_50@{#8}),platform=Mac OS X 14.7.6 x86_64) (WARNING: The server did not provide any stacktrace information)
Command duration or timeout: 20.06 seconds
For documentation on this error, please visit: http://seleniumhq.org/exceptions/no_such_element.html
Build info: version: &apos;2.53.1&apos;, revision: &apos;a36b8b1cd5757287168e54b817830adce9b0158d&apos;, time: &apos;2016-06-30 19:26:09&apos;
System info: host: &apos;akhilsurigi.local&apos;, ip: &apos;127.0.0.1&apos;, os.name: &apos;Mac OS X&apos;, os.arch: &apos;x86_64&apos;, os.version: &apos;14.7.6&apos;, java.version: &apos;17.0.11&apos;
Driver info: org.openqa.selenium.chrome.ChromeDriver
Capabilities [{mobileEmulationEnabled=false, timeouts={implicit=0, pageLoad=300000, script=30000}, hasTouchScreen=false, platform=MAC, acceptSslCerts=false, goog:chromeOptions={debuggerAddress=localhost:52839}, webauthn:extension:credBlob=true, acceptInsecureCerts=false, fedcm:accounts=true, webStorageEnabled=true, browserName=chrome, takesScreenshot=true, javascriptEnabled=true, setWindowRect=true, webauthn:extension:largeBlob=true, unexpectedAlertBehaviour=ignore, rotatable=false, networkConnectionEnabled=false, chrome={chromedriverVersion=138.0.7204.92 (f079b9bc781e3c2adb1496ea1d72812deb0ddb3d-refs/branch-heads/7204_50@{#8}), userDataDir=/var/folders/jq/g7t0y59s7lnbqlgfqv3kgyph0000gn/T/.org.chromium.Chromium.4r88py}, takesHeapSnapshot=true, pageLoadStrategy=normal, strictFileInteractability=false, databaseEnabled=false, handlesAlerts=true, version=138.0.7204.101, browserConnectionEnabled=false, proxy={}, nativeEvents=true, webauthn:extension:minPinLength=true, webauthn:extension:prf=true, locationContextEnabled=true, cssSelectorsEnabled=true, webauthn:virtualAuthenticators=true}]
Session ID: 54914c8666f54615cf5d9a01129eab1f
*** Element info: {Using=css selector, value=.name-modifier-container .modifier input[type=&apos;text&apos;]}
	at org.openqa.selenium.remote.ErrorHandler.createThrowable(ErrorHandler.java:206)
	at org.openqa.selenium.remote.ErrorHandler.throwIfResponseFailed(ErrorHandler.java:158)
	at org.openqa.selenium.remote.RemoteWebDriver.execute(RemoteWebDriver.java:678)
	at org.openqa.selenium.remote.RemoteWebDriver.findElement(RemoteWebDriver.java:363)
	at org.openqa.selenium.remote.RemoteWebDriver.findElementByCssSelector(RemoteWebDriver.java:492)
	at org.openqa.selenium.By$ByCssSelector.findElement(By.java:430)
	at org.openqa.selenium.remote.RemoteWebDriver.findElement(RemoteWebDriver.java:355)
	at org.openqa.selenium.support.pagefactory.DefaultElementLocator.findElement(DefaultElementLocator.java:69)
	at org.openqa.selenium.support.pagefactory.internal.LocatingElementHandler.invoke(LocatingElementHandler.java:38)
	at jdk.proxy2/jdk.proxy2.$Proxy11.isDisplayed(Unknown Source)
	at org.openqa.selenium.support.ui.ExpectedConditions.elementIfVisible(ExpectedConditions.java:302)
	at org.openqa.selenium.support.ui.ExpectedConditions.access$100(ExpectedConditions.java:41)
	at org.openqa.selenium.support.ui.ExpectedConditions$10.apply(ExpectedConditions.java:288)
	at org.openqa.selenium.support.ui.ExpectedConditions$10.apply(ExpectedConditions.java:285)
	at org.openqa.selenium.support.ui.FluentWait.until(FluentWait.java:238)
	... 18 more
... Removed 16 stack frames</div></td></tr></table><p class="totop"><a href="#summary">back to summary</a></p>
<h3 id="m8">UnbxdTests.testNG.consoleui.ExpTest#createExperienceTest</h3><table class="result"><tr class="param"><th>Parameter #1</th></tr><tr class="param stripe"><td>{&quot;pageName&quot;:&quot;Home Page&quot;,&quot;widgetName&quot;:&quot;WIDGET 1&quot;,&quot;desktopTemplate&quot;:&quot;Untitled-layout-771  (desktop browser)&quot;,&quot;mobileTemplate&quot;:&quot;U769  (mobile browser)&quot;,&quot;customAlgo&quot;:&quot;algoCursor&quot;,&quot;EditWidgetType&quot;:&quot;WIDGET 2&quot;}</td></tr><tr><th>Exception</th></tr><tr><td><div class="stacktrace">java.lang.RuntimeException: Failed to set experience name after retries
	at core.consoleui.actions.ExpActions.robustSetExperienceName(ExpActions.java:113)
	at core.consoleui.actions.ExpActions.enterRandomExperienceName(ExpActions.java:68)
	at UnbxdTests.testNG.consoleui.ExpTest.createExperienceTest(ExpTest.java:59)
	at java.base/java.util.concurrent.ThreadPoolExecutor.runWorker(ThreadPoolExecutor.java:1136)
	at java.base/java.util.concurrent.ThreadPoolExecutor$Worker.run(ThreadPoolExecutor.java:635)
	at java.base/java.lang.Thread.run(Thread.java:840)
... Removed 12 stack frames</div></td></tr></table><p class="totop"><a href="#summary">back to summary</a></p>
<h3 id="m9">UnbxdTests.testNG.consoleui.JourneyExperienceTest#createJourneyExperience</h3><table class="result"><tr class="param"><th>Parameter #1</th></tr><tr class="param stripe"><td>{&quot;pageName&quot;:&quot;Journey Page&quot;,&quot;widgetName&quot;:&quot;WIDGET 1&quot;,&quot;desktopTemplate&quot;:&quot;Untitled-layout-771  (desktop browser)&quot;,&quot;mobileTemplate&quot;:&quot;U769  (mobile browser)&quot;,&quot;customAlgo&quot;:&quot;Top Sellers&quot;,&quot;EditWidgetType&quot;:&quot;WIDGET 2&quot;}</td></tr><tr><th>Exception</th></tr><tr><td><div class="stacktrace">java.lang.RuntimeException: Failed to set experience name after retries
	at core.consoleui.actions.ExpActions.robustSetExperienceName(ExpActions.java:113)
	at core.consoleui.actions.ExpActions.enterRandomExperienceName(ExpActions.java:68)
	at UnbxdTests.testNG.consoleui.JourneyExperienceTest.createJourneyExperience(JourneyExperienceTest.java:49)
	at java.base/java.util.concurrent.ThreadPoolExecutor.runWorker(ThreadPoolExecutor.java:1136)
	at java.base/java.util.concurrent.ThreadPoolExecutor$Worker.run(ThreadPoolExecutor.java:635)
	at java.base/java.lang.Thread.run(Thread.java:840)
... Removed 12 stack frames</div></td></tr></table><p class="totop"><a href="#summary">back to summary</a></p>
<h3 id="m10">UnbxdTests.testNG.consoleui.MHboutiqueTemplateTest#testTemplatesPageElementsInteraction</h3><table class="result"><tr class="param"><th>Parameter #1</th></tr><tr class="param stripe"><td>{&quot;widgetSize&quot;:&quot;700&quot;,&quot;Layout&quot;:&quot;Horizontal&quot;,&quot;ProductsInDisplay&quot;:&quot;6&quot;,&quot;EditWidgetSize&quot;:&quot;700&quot;,&quot;MaximumProducts&quot;:&quot;12&quot;,&quot;TemplateType&quot;:&quot;Boutique&quot;,&quot;ButtonPosition&quot;:&quot;Left&quot;,&quot;Medium&quot;:&quot;Mobile&quot;}</td></tr><tr><th>Exception</th></tr><tr><td><div class="stacktrace">org.openqa.selenium.NoSuchElementException: no such element: Unable to locate element: {&quot;method&quot;:&quot;css selector&quot;,&quot;selector&quot;:&quot;.unbxd-side-drawer-footer button[type=&apos;button&apos;]&quot;}
  (Session info: chrome=138.0.7204.101)
  (Driver info: chromedriver=138.0.7204.92 (f079b9bc781e3c2adb1496ea1d72812deb0ddb3d-refs/branch-heads/7204_50@{#8}),platform=Mac OS X 14.7.6 x86_64) (WARNING: The server did not provide any stacktrace information)
Command duration or timeout: 20.07 seconds
For documentation on this error, please visit: http://seleniumhq.org/exceptions/no_such_element.html
Build info: version: &apos;2.53.1&apos;, revision: &apos;a36b8b1cd5757287168e54b817830adce9b0158d&apos;, time: &apos;2016-06-30 19:26:09&apos;
System info: host: &apos;akhilsurigi.local&apos;, ip: &apos;127.0.0.1&apos;, os.name: &apos;Mac OS X&apos;, os.arch: &apos;x86_64&apos;, os.version: &apos;14.7.6&apos;, java.version: &apos;17.0.11&apos;
Driver info: org.openqa.selenium.chrome.ChromeDriver
Capabilities [{mobileEmulationEnabled=false, timeouts={implicit=0, pageLoad=300000, script=30000}, hasTouchScreen=false, platform=MAC, acceptSslCerts=false, goog:chromeOptions={debuggerAddress=localhost:53451}, webauthn:extension:credBlob=true, acceptInsecureCerts=false, fedcm:accounts=true, webStorageEnabled=true, browserName=chrome, takesScreenshot=true, javascriptEnabled=true, setWindowRect=true, webauthn:extension:largeBlob=true, unexpectedAlertBehaviour=ignore, rotatable=false, networkConnectionEnabled=false, chrome={chromedriverVersion=138.0.7204.92 (f079b9bc781e3c2adb1496ea1d72812deb0ddb3d-refs/branch-heads/7204_50@{#8}), userDataDir=/var/folders/jq/g7t0y59s7lnbqlgfqv3kgyph0000gn/T/.org.chromium.Chromium.ECUNRx}, takesHeapSnapshot=true, pageLoadStrategy=normal, strictFileInteractability=false, databaseEnabled=false, handlesAlerts=true, version=138.0.7204.101, browserConnectionEnabled=false, proxy={}, nativeEvents=true, webauthn:extension:minPinLength=true, webauthn:extension:prf=true, locationContextEnabled=true, cssSelectorsEnabled=true, webauthn:virtualAuthenticators=true}]
Session ID: c3dea2e8ebfffaf85369a76fd7ba45dc
*** Element info: {Using=css selector, value=.unbxd-side-drawer-footer button[type=&apos;button&apos;]}
	at org.openqa.selenium.remote.ErrorHandler.createThrowable(ErrorHandler.java:206)
	at org.openqa.selenium.remote.ErrorHandler.throwIfResponseFailed(ErrorHandler.java:158)
	at org.openqa.selenium.remote.RemoteWebDriver.execute(RemoteWebDriver.java:678)
	at org.openqa.selenium.remote.RemoteWebDriver.findElement(RemoteWebDriver.java:363)
	at org.openqa.selenium.remote.RemoteWebDriver.findElementByCssSelector(RemoteWebDriver.java:492)
	at org.openqa.selenium.By$ByCssSelector.findElement(By.java:430)
	at org.openqa.selenium.remote.RemoteWebDriver.findElement(RemoteWebDriver.java:355)
	at org.openqa.selenium.support.pagefactory.DefaultElementLocator.findElement(DefaultElementLocator.java:69)
	at org.openqa.selenium.support.pagefactory.internal.LocatingElementHandler.invoke(LocatingElementHandler.java:38)
	at jdk.proxy2/jdk.proxy2.$Proxy11.click(Unknown Source)
	at core.consoleui.actions.TemplatesActions1.clickCreateButton(TemplatesActions1.java:80)
	at core.consoleui.actions.TemplatesActions1.fillTemplateForm(TemplatesActions1.java:367)
	at UnbxdTests.testNG.consoleui.MHboutiqueTemplateTest.testTemplatesPageElementsInteraction(MHboutiqueTemplateTest.java:52)
	at java.base/java.util.concurrent.ThreadPoolExecutor.runWorker(ThreadPoolExecutor.java:1136)
	at java.base/java.util.concurrent.ThreadPoolExecutor$Worker.run(ThreadPoolExecutor.java:635)
	at java.base/java.lang.Thread.run(Thread.java:840)
... Removed 16 stack frames</div></td></tr></table><p class="totop"><a href="#summary">back to summary</a></p>
<h3 id="m11">UnbxdTests.testNG.consoleui.MVstandardWidgetTemplateTest#testTemplatesPageElementsInteraction</h3><table class="result"><tr class="param"><th>Parameter #1</th></tr><tr class="param stripe"><td>{&quot;TemplateType&quot;:&quot;Standard Widget&quot;,&quot;widgetSize&quot;:&quot;200&quot;,&quot;Medium&quot;:&quot;Mobile&quot;,&quot;Layout&quot;:&quot;Vertical&quot;,&quot;ProductsInDisplay&quot;:&quot;6&quot;,&quot;EditWidgetSize&quot;:&quot;200&quot;,&quot;MaximumProducts&quot;:&quot;12&quot;,&quot;TemplateName&quot;:&quot;autoTemplate1752642889862&quot;}</td></tr><tr><th>Exception</th></tr><tr><td><div class="stacktrace">org.openqa.selenium.NoSuchElementException: no such element: Unable to locate element: {&quot;method&quot;:&quot;css selector&quot;,&quot;selector&quot;:&quot;.template-dropdown-select.unbxd-new-dropdown button#dropdown-basic&quot;}
  (Session info: chrome=138.0.7204.101)
  (Driver info: chromedriver=138.0.7204.92 (f079b9bc781e3c2adb1496ea1d72812deb0ddb3d-refs/branch-heads/7204_50@{#8}),platform=Mac OS X 14.7.6 x86_64) (WARNING: The server did not provide any stacktrace information)
Command duration or timeout: 20.04 seconds
For documentation on this error, please visit: http://seleniumhq.org/exceptions/no_such_element.html
Build info: version: &apos;2.53.1&apos;, revision: &apos;a36b8b1cd5757287168e54b817830adce9b0158d&apos;, time: &apos;2016-06-30 19:26:09&apos;
System info: host: &apos;akhilsurigi.local&apos;, ip: &apos;127.0.0.1&apos;, os.name: &apos;Mac OS X&apos;, os.arch: &apos;x86_64&apos;, os.version: &apos;14.7.6&apos;, java.version: &apos;17.0.11&apos;
Driver info: org.openqa.selenium.chrome.ChromeDriver
Capabilities [{mobileEmulationEnabled=false, timeouts={implicit=0, pageLoad=300000, script=30000}, hasTouchScreen=false, platform=MAC, acceptSslCerts=false, goog:chromeOptions={debuggerAddress=localhost:54929}, webauthn:extension:credBlob=true, acceptInsecureCerts=false, fedcm:accounts=true, webStorageEnabled=true, browserName=chrome, takesScreenshot=true, javascriptEnabled=true, setWindowRect=true, webauthn:extension:largeBlob=true, unexpectedAlertBehaviour=ignore, rotatable=false, networkConnectionEnabled=false, chrome={chromedriverVersion=138.0.7204.92 (f079b9bc781e3c2adb1496ea1d72812deb0ddb3d-refs/branch-heads/7204_50@{#8}), userDataDir=/var/folders/jq/g7t0y59s7lnbqlgfqv3kgyph0000gn/T/.org.chromium.Chromium.vgc0de}, takesHeapSnapshot=true, pageLoadStrategy=normal, strictFileInteractability=false, databaseEnabled=false, handlesAlerts=true, version=138.0.7204.101, browserConnectionEnabled=false, proxy={}, nativeEvents=true, webauthn:extension:minPinLength=true, webauthn:extension:prf=true, locationContextEnabled=true, cssSelectorsEnabled=true, webauthn:virtualAuthenticators=true}]
Session ID: 91449f69df9592a126787ae1a703fb41
*** Element info: {Using=css selector, value=.template-dropdown-select.unbxd-new-dropdown button#dropdown-basic}
	at org.openqa.selenium.remote.ErrorHandler.createThrowable(ErrorHandler.java:206)
	at org.openqa.selenium.remote.ErrorHandler.throwIfResponseFailed(ErrorHandler.java:158)
	at org.openqa.selenium.remote.RemoteWebDriver.execute(RemoteWebDriver.java:678)
	at org.openqa.selenium.remote.RemoteWebDriver.findElement(RemoteWebDriver.java:363)
	at org.openqa.selenium.remote.RemoteWebDriver.findElementByCssSelector(RemoteWebDriver.java:492)
	at org.openqa.selenium.By$ByCssSelector.findElement(By.java:430)
	at org.openqa.selenium.remote.RemoteWebDriver.findElement(RemoteWebDriver.java:355)
	at org.openqa.selenium.support.pagefactory.DefaultElementLocator.findElement(DefaultElementLocator.java:69)
	at org.openqa.selenium.support.pagefactory.internal.LocatingElementHandler.invoke(LocatingElementHandler.java:38)
	at jdk.proxy2/jdk.proxy2.$Proxy11.click(Unknown Source)
	at core.consoleui.actions.TemplatesActions1.clickTemplateTypeDropdown(TemplatesActions1.java:123)
	at core.consoleui.actions.TemplatesActions1.fillTemplateForm(TemplatesActions1.java:376)
	at UnbxdTests.testNG.consoleui.MVstandardWidgetTemplateTest.testTemplatesPageElementsInteraction(MVstandardWidgetTemplateTest.java:51)
	at java.base/java.util.concurrent.ThreadPoolExecutor.runWorker(ThreadPoolExecutor.java:1136)
	at java.base/java.util.concurrent.ThreadPoolExecutor$Worker.run(ThreadPoolExecutor.java:635)
	at java.base/java.lang.Thread.run(Thread.java:840)
... Removed 16 stack frames</div></td></tr></table><p class="totop"><a href="#summary">back to summary</a></p>
<h3 id="m12">UnbxdTests.testNG.consoleui.MVtinderLikeBehaviorTemplateTest#testTemplatesPageElementsInteraction</h3><table class="result"><tr class="param"><th>Parameter #1</th></tr><tr class="param stripe"><td>{&quot;widgetSize&quot;:&quot;700&quot;,&quot;Layout&quot;:&quot;Vertical&quot;,&quot;ProductsInDisplay&quot;:&quot;6&quot;,&quot;EditWidgetSize&quot;:&quot;700&quot;,&quot;MaximumProducts&quot;:&quot;12&quot;,&quot;TemplateType&quot;:&quot;Boutique&quot;,&quot;ButtonPosition&quot;:&quot;Left&quot;,&quot;Medium&quot;:&quot;Mobile&quot;,&quot;BehaviourType&quot;:&quot;Tinder like behaviour&quot;}</td></tr><tr><th>Exception</th></tr><tr><td><div class="stacktrace">org.openqa.selenium.NoSuchElementException: no such element: Unable to locate element: {&quot;method&quot;:&quot;css selector&quot;,&quot;selector&quot;:&quot;.unbxd-side-drawer-footer button[type=&apos;button&apos;]&quot;}
  (Session info: chrome=138.0.7204.101)
  (Driver info: chromedriver=138.0.7204.92 (f079b9bc781e3c2adb1496ea1d72812deb0ddb3d-refs/branch-heads/7204_50@{#8}),platform=Mac OS X 14.7.6 x86_64) (WARNING: The server did not provide any stacktrace information)
Command duration or timeout: 20.05 seconds
For documentation on this error, please visit: http://seleniumhq.org/exceptions/no_such_element.html
Build info: version: &apos;2.53.1&apos;, revision: &apos;a36b8b1cd5757287168e54b817830adce9b0158d&apos;, time: &apos;2016-06-30 19:26:09&apos;
System info: host: &apos;akhilsurigi.local&apos;, ip: &apos;127.0.0.1&apos;, os.name: &apos;Mac OS X&apos;, os.arch: &apos;x86_64&apos;, os.version: &apos;14.7.6&apos;, java.version: &apos;17.0.11&apos;
Driver info: org.openqa.selenium.chrome.ChromeDriver
Capabilities [{mobileEmulationEnabled=false, timeouts={implicit=0, pageLoad=300000, script=30000}, hasTouchScreen=false, platform=MAC, acceptSslCerts=false, goog:chromeOptions={debuggerAddress=localhost:54932}, webauthn:extension:credBlob=true, acceptInsecureCerts=false, fedcm:accounts=true, webStorageEnabled=true, browserName=chrome, takesScreenshot=true, javascriptEnabled=true, setWindowRect=true, webauthn:extension:largeBlob=true, unexpectedAlertBehaviour=ignore, rotatable=false, networkConnectionEnabled=false, chrome={chromedriverVersion=138.0.7204.92 (f079b9bc781e3c2adb1496ea1d72812deb0ddb3d-refs/branch-heads/7204_50@{#8}), userDataDir=/var/folders/jq/g7t0y59s7lnbqlgfqv3kgyph0000gn/T/.org.chromium.Chromium.gMfw4C}, takesHeapSnapshot=true, pageLoadStrategy=normal, strictFileInteractability=false, databaseEnabled=false, handlesAlerts=true, version=138.0.7204.101, browserConnectionEnabled=false, proxy={}, nativeEvents=true, webauthn:extension:minPinLength=true, webauthn:extension:prf=true, locationContextEnabled=true, cssSelectorsEnabled=true, webauthn:virtualAuthenticators=true}]
Session ID: f4286174cdeecf152fcc6171ab1dc897
*** Element info: {Using=css selector, value=.unbxd-side-drawer-footer button[type=&apos;button&apos;]}
	at org.openqa.selenium.remote.ErrorHandler.createThrowable(ErrorHandler.java:206)
	at org.openqa.selenium.remote.ErrorHandler.throwIfResponseFailed(ErrorHandler.java:158)
	at org.openqa.selenium.remote.RemoteWebDriver.execute(RemoteWebDriver.java:678)
	at org.openqa.selenium.remote.RemoteWebDriver.findElement(RemoteWebDriver.java:363)
	at org.openqa.selenium.remote.RemoteWebDriver.findElementByCssSelector(RemoteWebDriver.java:492)
	at org.openqa.selenium.By$ByCssSelector.findElement(By.java:430)
	at org.openqa.selenium.remote.RemoteWebDriver.findElement(RemoteWebDriver.java:355)
	at org.openqa.selenium.support.pagefactory.DefaultElementLocator.findElement(DefaultElementLocator.java:69)
	at org.openqa.selenium.support.pagefactory.internal.LocatingElementHandler.invoke(LocatingElementHandler.java:38)
	at jdk.proxy2/jdk.proxy2.$Proxy11.click(Unknown Source)
	at core.consoleui.actions.TemplatesActions1.clickCreateButton(TemplatesActions1.java:80)
	at core.consoleui.actions.TemplatesActions1.fillTemplateForm(TemplatesActions1.java:367)
	at UnbxdTests.testNG.consoleui.MVtinderLikeBehaviorTemplateTest.testTemplatesPageElementsInteraction(MVtinderLikeBehaviorTemplateTest.java:52)
	at java.base/java.util.concurrent.ThreadPoolExecutor.runWorker(ThreadPoolExecutor.java:1136)
	at java.base/java.util.concurrent.ThreadPoolExecutor$Worker.run(ThreadPoolExecutor.java:635)
	at java.base/java.lang.Thread.run(Thread.java:840)
... Removed 16 stack frames</div></td></tr></table><p class="totop"><a href="#summary">back to summary</a></p>
<h3 id="m13">UnbxdTests.testNG.consoleui.broadCastPageTest#createBroadCastExperience</h3><table class="result"><tr class="param"><th>Parameter #1</th></tr><tr class="param stripe"><td>{&quot;pageName&quot;:&quot;Broadcast Page&quot;,&quot;widgetName&quot;:&quot;WIDGET 1&quot;,&quot;desktopTemplate&quot;:&quot;Untitled-layout-771  (desktop browser)&quot;,&quot;mobileTemplate&quot;:&quot;U769  (mobile browser)&quot;,&quot;customAlgo&quot;:&quot;Top Sellers&quot;,&quot;EditWidgetType&quot;:&quot;WIDGET 2&quot;}</td></tr><tr><th>Exception</th></tr><tr><td><div class="stacktrace">java.lang.RuntimeException: Failed to set experience name after retries
	at core.consoleui.actions.ExpActions.robustSetExperienceName(ExpActions.java:113)
	at core.consoleui.actions.ExpActions.enterRandomExperienceName(ExpActions.java:68)
	at UnbxdTests.testNG.consoleui.broadCastPageTest.createBroadCastExperience(broadCastPageTest.java:51)
	at java.base/java.util.concurrent.ThreadPoolExecutor.runWorker(ThreadPoolExecutor.java:1136)
	at java.base/java.util.concurrent.ThreadPoolExecutor$Worker.run(ThreadPoolExecutor.java:635)
	at java.base/java.lang.Thread.run(Thread.java:840)
... Removed 12 stack frames</div></td></tr></table><p class="totop"><a href="#summary">back to summary</a></p>
<h3 id="m14">UnbxdTests.testNG.consoleui.topsellersCustomAlgoTest#testCustomAlgorithm</h3><table class="result"><tr class="param"><th>Parameter #1</th></tr><tr class="param stripe"><td>{&quot;customAlgo&quot;:&quot;Category Top Sellers&quot;,&quot;noOfSlots&quot;:&quot;10&quot;,&quot;editCustomAlgo&quot;:&quot;Most Viewed&quot;,&quot;lookbackPeriod&quot;:&quot;10&quot;}</td></tr><tr><th>Exception</th></tr><tr><td><div class="stacktrace">org.openqa.selenium.TimeoutException: Timed out after 20 seconds waiting for visibility of element located by By.cssSelector: input[placeholder=&apos;Search for Custom Algorithm&apos;]
Build info: version: &apos;2.53.1&apos;, revision: &apos;a36b8b1cd5757287168e54b817830adce9b0158d&apos;, time: &apos;2016-06-30 19:26:09&apos;
System info: host: &apos;akhilsurigi.local&apos;, ip: &apos;127.0.0.1&apos;, os.name: &apos;Mac OS X&apos;, os.arch: &apos;x86_64&apos;, os.version: &apos;14.7.6&apos;, java.version: &apos;17.0.11&apos;
Driver info: org.openqa.selenium.chrome.ChromeDriver
Capabilities [{mobileEmulationEnabled=false, timeouts={implicit=0, pageLoad=300000, script=30000}, hasTouchScreen=false, platform=MAC, acceptSslCerts=false, goog:chromeOptions={debuggerAddress=localhost:52186}, webauthn:extension:credBlob=true, acceptInsecureCerts=false, fedcm:accounts=true, webStorageEnabled=true, browserName=chrome, takesScreenshot=true, javascriptEnabled=true, setWindowRect=true, webauthn:extension:largeBlob=true, unexpectedAlertBehaviour=ignore, rotatable=false, networkConnectionEnabled=false, chrome={chromedriverVersion=138.0.7204.92 (f079b9bc781e3c2adb1496ea1d72812deb0ddb3d-refs/branch-heads/7204_50@{#8}), userDataDir=/var/folders/jq/g7t0y59s7lnbqlgfqv3kgyph0000gn/T/.org.chromium.Chromium.sgBCzy}, takesHeapSnapshot=true, pageLoadStrategy=normal, strictFileInteractability=false, databaseEnabled=false, handlesAlerts=true, version=138.0.7204.101, browserConnectionEnabled=false, proxy={}, nativeEvents=true, webauthn:extension:minPinLength=true, webauthn:extension:prf=true, locationContextEnabled=true, cssSelectorsEnabled=true, webauthn:virtualAuthenticators=true}]
Session ID: 1cf9b4e8dc8208fd5d55844a2d7ec1f5
	at org.openqa.selenium.support.ui.WebDriverWait.timeoutException(WebDriverWait.java:80)
	at org.openqa.selenium.support.ui.FluentWait.until(FluentWait.java:261)
	at UnbxdTests.testNG.consoleui.topsellersCustomAlgoTest.testCustomAlgorithm(topsellersCustomAlgoTest.java:65)
	at java.base/java.util.concurrent.ThreadPoolExecutor.runWorker(ThreadPoolExecutor.java:1136)
	at java.base/java.util.concurrent.ThreadPoolExecutor$Worker.run(ThreadPoolExecutor.java:635)
	at java.base/java.lang.Thread.run(Thread.java:840)
Caused by: org.openqa.selenium.NoSuchElementException: no such element: Unable to locate element: {&quot;method&quot;:&quot;css selector&quot;,&quot;selector&quot;:&quot;input[placeholder=&apos;Search for Custom Algorithm&apos;]&quot;}
  (Session info: chrome=138.0.7204.101)
  (Driver info: chromedriver=138.0.7204.92 (f079b9bc781e3c2adb1496ea1d72812deb0ddb3d-refs/branch-heads/7204_50@{#8}),platform=Mac OS X 14.7.6 x86_64) (WARNING: The server did not provide any stacktrace information)
Command duration or timeout: 20.03 seconds
For documentation on this error, please visit: http://seleniumhq.org/exceptions/no_such_element.html
Build info: version: &apos;2.53.1&apos;, revision: &apos;a36b8b1cd5757287168e54b817830adce9b0158d&apos;, time: &apos;2016-06-30 19:26:09&apos;
System info: host: &apos;akhilsurigi.local&apos;, ip: &apos;127.0.0.1&apos;, os.name: &apos;Mac OS X&apos;, os.arch: &apos;x86_64&apos;, os.version: &apos;14.7.6&apos;, java.version: &apos;17.0.11&apos;
Driver info: org.openqa.selenium.chrome.ChromeDriver
Capabilities [{mobileEmulationEnabled=false, timeouts={implicit=0, pageLoad=300000, script=30000}, hasTouchScreen=false, platform=MAC, acceptSslCerts=false, goog:chromeOptions={debuggerAddress=localhost:52186}, webauthn:extension:credBlob=true, acceptInsecureCerts=false, fedcm:accounts=true, webStorageEnabled=true, browserName=chrome, takesScreenshot=true, javascriptEnabled=true, setWindowRect=true, webauthn:extension:largeBlob=true, unexpectedAlertBehaviour=ignore, rotatable=false, networkConnectionEnabled=false, chrome={chromedriverVersion=138.0.7204.92 (f079b9bc781e3c2adb1496ea1d72812deb0ddb3d-refs/branch-heads/7204_50@{#8}), userDataDir=/var/folders/jq/g7t0y59s7lnbqlgfqv3kgyph0000gn/T/.org.chromium.Chromium.sgBCzy}, takesHeapSnapshot=true, pageLoadStrategy=normal, strictFileInteractability=false, databaseEnabled=false, handlesAlerts=true, version=138.0.7204.101, browserConnectionEnabled=false, proxy={}, nativeEvents=true, webauthn:extension:minPinLength=true, webauthn:extension:prf=true, locationContextEnabled=true, cssSelectorsEnabled=true, webauthn:virtualAuthenticators=true}]
Session ID: 1cf9b4e8dc8208fd5d55844a2d7ec1f5
*** Element info: {Using=css selector, value=input[placeholder=&apos;Search for Custom Algorithm&apos;]}
	at org.openqa.selenium.remote.ErrorHandler.createThrowable(ErrorHandler.java:206)
	at org.openqa.selenium.remote.ErrorHandler.throwIfResponseFailed(ErrorHandler.java:158)
	at org.openqa.selenium.remote.RemoteWebDriver.execute(RemoteWebDriver.java:678)
	at org.openqa.selenium.remote.RemoteWebDriver.findElement(RemoteWebDriver.java:363)
	at org.openqa.selenium.remote.RemoteWebDriver.findElementByCssSelector(RemoteWebDriver.java:492)
	at org.openqa.selenium.By$ByCssSelector.findElement(By.java:430)
	at org.openqa.selenium.remote.RemoteWebDriver.findElement(RemoteWebDriver.java:355)
	at org.openqa.selenium.support.ui.ExpectedConditions.findElement(ExpectedConditions.java:899)
	at org.openqa.selenium.support.ui.ExpectedConditions.access$000(ExpectedConditions.java:41)
	at org.openqa.selenium.support.ui.ExpectedConditions$7.apply(ExpectedConditions.java:205)
	at org.openqa.selenium.support.ui.ExpectedConditions$7.apply(ExpectedConditions.java:201)
	at org.openqa.selenium.support.ui.FluentWait.until(FluentWait.java:238)
	... 16 more
... Removed 16 stack frames</div></td></tr></table><p class="totop"><a href="#summary">back to summary</a></p>
<h3 id="m15">UnbxdTests.testNG.consoleui.topsellersCustomAlgoTest#testCustomAlgorithm</h3><table class="result"><tr class="param"><th>Parameter #1</th></tr><tr class="param stripe"><td>{&quot;customAlgo&quot;:&quot;Top Sellers&quot;,&quot;noOfSlots&quot;:&quot;10&quot;,&quot;editCustomAlgo&quot;:&quot;Most Viewed&quot;,&quot;lookbackPeriod&quot;:&quot;10&quot;}</td></tr><tr><th>Exception</th></tr><tr><td><div class="stacktrace">org.openqa.selenium.TimeoutException: Timed out after 20 seconds waiting for visibility of element located by By.cssSelector: input[placeholder=&apos;Search for Custom Algorithm&apos;]
Build info: version: &apos;2.53.1&apos;, revision: &apos;a36b8b1cd5757287168e54b817830adce9b0158d&apos;, time: &apos;2016-06-30 19:26:09&apos;
System info: host: &apos;akhilsurigi.local&apos;, ip: &apos;127.0.0.1&apos;, os.name: &apos;Mac OS X&apos;, os.arch: &apos;x86_64&apos;, os.version: &apos;14.7.6&apos;, java.version: &apos;17.0.11&apos;
Driver info: org.openqa.selenium.chrome.ChromeDriver
Capabilities [{mobileEmulationEnabled=false, timeouts={implicit=0, pageLoad=300000, script=30000}, hasTouchScreen=false, platform=MAC, acceptSslCerts=false, goog:chromeOptions={debuggerAddress=localhost:52186}, webauthn:extension:credBlob=true, acceptInsecureCerts=false, fedcm:accounts=true, webStorageEnabled=true, browserName=chrome, takesScreenshot=true, javascriptEnabled=true, setWindowRect=true, webauthn:extension:largeBlob=true, unexpectedAlertBehaviour=ignore, rotatable=false, networkConnectionEnabled=false, chrome={chromedriverVersion=138.0.7204.92 (f079b9bc781e3c2adb1496ea1d72812deb0ddb3d-refs/branch-heads/7204_50@{#8}), userDataDir=/var/folders/jq/g7t0y59s7lnbqlgfqv3kgyph0000gn/T/.org.chromium.Chromium.sgBCzy}, takesHeapSnapshot=true, pageLoadStrategy=normal, strictFileInteractability=false, databaseEnabled=false, handlesAlerts=true, version=138.0.7204.101, browserConnectionEnabled=false, proxy={}, nativeEvents=true, webauthn:extension:minPinLength=true, webauthn:extension:prf=true, locationContextEnabled=true, cssSelectorsEnabled=true, webauthn:virtualAuthenticators=true}]
Session ID: 1cf9b4e8dc8208fd5d55844a2d7ec1f5
	at org.openqa.selenium.support.ui.WebDriverWait.timeoutException(WebDriverWait.java:80)
	at org.openqa.selenium.support.ui.FluentWait.until(FluentWait.java:261)
	at UnbxdTests.testNG.consoleui.topsellersCustomAlgoTest.testCustomAlgorithm(topsellersCustomAlgoTest.java:65)
	at java.base/java.util.concurrent.ThreadPoolExecutor.runWorker(ThreadPoolExecutor.java:1136)
	at java.base/java.util.concurrent.ThreadPoolExecutor$Worker.run(ThreadPoolExecutor.java:635)
	at java.base/java.lang.Thread.run(Thread.java:840)
Caused by: org.openqa.selenium.NoSuchElementException: no such element: Unable to locate element: {&quot;method&quot;:&quot;css selector&quot;,&quot;selector&quot;:&quot;input[placeholder=&apos;Search for Custom Algorithm&apos;]&quot;}
  (Session info: chrome=138.0.7204.101)
  (Driver info: chromedriver=138.0.7204.92 (f079b9bc781e3c2adb1496ea1d72812deb0ddb3d-refs/branch-heads/7204_50@{#8}),platform=Mac OS X 14.7.6 x86_64) (WARNING: The server did not provide any stacktrace information)
Command duration or timeout: 20.04 seconds
For documentation on this error, please visit: http://seleniumhq.org/exceptions/no_such_element.html
Build info: version: &apos;2.53.1&apos;, revision: &apos;a36b8b1cd5757287168e54b817830adce9b0158d&apos;, time: &apos;2016-06-30 19:26:09&apos;
System info: host: &apos;akhilsurigi.local&apos;, ip: &apos;127.0.0.1&apos;, os.name: &apos;Mac OS X&apos;, os.arch: &apos;x86_64&apos;, os.version: &apos;14.7.6&apos;, java.version: &apos;17.0.11&apos;
Driver info: org.openqa.selenium.chrome.ChromeDriver
Capabilities [{mobileEmulationEnabled=false, timeouts={implicit=0, pageLoad=300000, script=30000}, hasTouchScreen=false, platform=MAC, acceptSslCerts=false, goog:chromeOptions={debuggerAddress=localhost:52186}, webauthn:extension:credBlob=true, acceptInsecureCerts=false, fedcm:accounts=true, webStorageEnabled=true, browserName=chrome, takesScreenshot=true, javascriptEnabled=true, setWindowRect=true, webauthn:extension:largeBlob=true, unexpectedAlertBehaviour=ignore, rotatable=false, networkConnectionEnabled=false, chrome={chromedriverVersion=138.0.7204.92 (f079b9bc781e3c2adb1496ea1d72812deb0ddb3d-refs/branch-heads/7204_50@{#8}), userDataDir=/var/folders/jq/g7t0y59s7lnbqlgfqv3kgyph0000gn/T/.org.chromium.Chromium.sgBCzy}, takesHeapSnapshot=true, pageLoadStrategy=normal, strictFileInteractability=false, databaseEnabled=false, handlesAlerts=true, version=138.0.7204.101, browserConnectionEnabled=false, proxy={}, nativeEvents=true, webauthn:extension:minPinLength=true, webauthn:extension:prf=true, locationContextEnabled=true, cssSelectorsEnabled=true, webauthn:virtualAuthenticators=true}]
Session ID: 1cf9b4e8dc8208fd5d55844a2d7ec1f5
*** Element info: {Using=css selector, value=input[placeholder=&apos;Search for Custom Algorithm&apos;]}
	at org.openqa.selenium.remote.ErrorHandler.createThrowable(ErrorHandler.java:206)
	at org.openqa.selenium.remote.ErrorHandler.throwIfResponseFailed(ErrorHandler.java:158)
	at org.openqa.selenium.remote.RemoteWebDriver.execute(RemoteWebDriver.java:678)
	at org.openqa.selenium.remote.RemoteWebDriver.findElement(RemoteWebDriver.java:363)
	at org.openqa.selenium.remote.RemoteWebDriver.findElementByCssSelector(RemoteWebDriver.java:492)
	at org.openqa.selenium.By$ByCssSelector.findElement(By.java:430)
	at org.openqa.selenium.remote.RemoteWebDriver.findElement(RemoteWebDriver.java:355)
	at org.openqa.selenium.support.ui.ExpectedConditions.findElement(ExpectedConditions.java:899)
	at org.openqa.selenium.support.ui.ExpectedConditions.access$000(ExpectedConditions.java:41)
	at org.openqa.selenium.support.ui.ExpectedConditions$7.apply(ExpectedConditions.java:205)
	at org.openqa.selenium.support.ui.ExpectedConditions$7.apply(ExpectedConditions.java:201)
	at org.openqa.selenium.support.ui.FluentWait.until(FluentWait.java:238)
	... 16 more
... Removed 17 stack frames</div></td></tr></table><p class="totop"><a href="#summary">back to summary</a></p>
<h3 id="m16">UnbxdTests.testNG.consoleui.CustomAlgorithmsTest#testCustomAlgorithm</h3><table class="result"><tr class="param"><th>Parameter #1</th></tr><tr class="param stripe"><td>{&quot;customAlgo&quot;:&quot;Cross sell&quot;,&quot;noOfSlots&quot;:&quot;10&quot;,&quot;editCustomAlgo&quot;:&quot;Recommended For You&quot;}</td></tr></table><p class="totop"><a href="#summary">back to summary</a></p>
<h3 id="m17">UnbxdTests.testNG.consoleui.CustomAlgorithmsTest#testCustomAlgorithm</h3><table class="result"><tr class="param"><th>Parameter #1</th></tr><tr class="param stripe"><td>{&quot;customAlgo&quot;:&quot;Recently Viewed&quot;,&quot;noOfSlots&quot;:&quot;10&quot;,&quot;editCustomAlgo&quot;:&quot;Recommended For You&quot;}</td></tr></table><p class="totop"><a href="#summary">back to summary</a></p>
<h3 id="m18">UnbxdTests.testNG.consoleui.CustomAlgorithmsTest#testCustomAlgorithm</h3><table class="result"><tr class="param"><th>Parameter #1</th></tr><tr class="param stripe"><td>{&quot;customAlgo&quot;:&quot;More Like These&quot;,&quot;noOfSlots&quot;:&quot;10&quot;,&quot;editCustomAlgo&quot;:&quot;Recommended For You&quot;}</td></tr></table><p class="totop"><a href="#summary">back to summary</a></p>
<h3 id="m19">UnbxdTests.testNG.consoleui.DHexitIntentTemplatetest#testTemplatesPageElementsInteraction</h3><table class="result"><tr class="param"><th>Parameter #1</th></tr><tr class="param stripe"><td>{&quot;widgetSize&quot;:&quot;700&quot;,&quot;Medium&quot;:&quot;Desktop&quot;,&quot;Layout&quot;:&quot;Horizontal&quot;,&quot;ProductsInDisplay&quot;:&quot;6&quot;,&quot;EditWidgetSize&quot;:&quot;700&quot;,&quot;MaximumProducts&quot;:&quot;12&quot;,&quot;TemplateType&quot;:&quot;Exit Intent Pop Up&quot;,&quot;TemplateTypes&quot;:[&quot;Standard Widget&quot;,&quot;Exit intent Popup&quot;,&quot;Boutique&quot;],&quot;TemplateName&quot;:&quot;autoTemplate1752642610905&quot;}</td></tr></table><p class="totop"><a href="#summary">back to summary</a></p>
<h3 id="m20">UnbxdTests.testNG.consoleui.DHstandardWidgettemplateTest#testTemplatesPageElementsInteraction</h3><table class="result"><tr class="param"><th>Parameter #1</th></tr><tr class="param stripe"><td>{&quot;TemplateType&quot;:&quot;Standard Widget&quot;,&quot;widgetSize&quot;:&quot;700&quot;,&quot;Medium&quot;:&quot;Desktop&quot;,&quot;Layout&quot;:&quot;Horizontal&quot;,&quot;ProductsInDisplay&quot;:&quot;6&quot;,&quot;EditWidgetSize&quot;:&quot;700&quot;,&quot;MaximumProducts&quot;:&quot;12&quot;,&quot;TemplateName&quot;:&quot;autoTemplate1752642608119&quot;}</td></tr></table><p class="totop"><a href="#summary">back to summary</a></p>
<h3 id="m21">UnbxdTests.testNG.consoleui.DVBoutiqueTemplateTest#testTemplatesPageElementsInteraction</h3><table class="result"><tr class="param"><th>Parameter #1</th></tr><tr class="param stripe"><td>{&quot;widgetSize&quot;:&quot;200&quot;,&quot;Medium&quot;:&quot;Desktop&quot;,&quot;Layout&quot;:&quot;Vertical&quot;,&quot;ProductsInDisplay&quot;:&quot;6&quot;,&quot;EditWidgetSize&quot;:&quot;200&quot;,&quot;MaximumProducts&quot;:&quot;12&quot;,&quot;TemplateType&quot;:&quot;Boutique&quot;,&quot;ButtonPosition&quot;:&quot;Left&quot;,&quot;TemplateName&quot;:&quot;autoTemplate1752642682997&quot;}</td></tr></table><p class="totop"><a href="#summary">back to summary</a></p>
<h3 id="m22">UnbxdTests.testNG.consoleui.DVexitIntentTemplateTest#testTemplatesPageElementsInteraction</h3><table class="result"><tr class="param"><th>Parameter #1</th></tr><tr class="param stripe"><td>{&quot;widgetSize&quot;:&quot;700&quot;,&quot;Medium&quot;:&quot;Desktop&quot;,&quot;Layout&quot;:&quot;Vertical&quot;,&quot;ProductsInDisplay&quot;:&quot;6&quot;,&quot;EditWidgetSize&quot;:&quot;700&quot;,&quot;MaximumProducts&quot;:&quot;12&quot;,&quot;TemplateType&quot;:&quot;Exit Intent Pop Up&quot;,&quot;TemplateName&quot;:&quot;autoTemplate1752642685224&quot;}</td></tr></table><p class="totop"><a href="#summary">back to summary</a></p>
<h3 id="m23">UnbxdTests.testNG.consoleui.ExpTest#createExperienceTest</h3><table class="result"><tr class="param"><th>Parameter #1</th></tr><tr class="param stripe"><td>{&quot;pageName&quot;:&quot;Product Page&quot;,&quot;widgetName&quot;:&quot;WIDGET 3&quot;,&quot;desktopTemplate&quot;:&quot;Untitled-layout-771  (desktop browser)&quot;,&quot;mobileTemplate&quot;:&quot;U769  (mobile browser)&quot;,&quot;customAlgo&quot;:&quot;algoCursor&quot;,&quot;EditWidgetType&quot;:&quot;WIDGET 1&quot;}</td></tr></table><p class="totop"><a href="#summary">back to summary</a></p>
<h3 id="m24">UnbxdTests.testNG.consoleui.ExpTest#createExperienceTest</h3><table class="result"><tr class="param"><th>Parameter #1</th></tr><tr class="param stripe"><td>{&quot;pageName&quot;:&quot;Category Page&quot;,&quot;widgetName&quot;:&quot;WIDGET 2&quot;,&quot;desktopTemplate&quot;:&quot;Untitled-layout-771  (desktop browser)&quot;,&quot;mobileTemplate&quot;:&quot;U769  (mobile browser)&quot;,&quot;customAlgo&quot;:&quot;algoCursor&quot;,&quot;EditWidgetType&quot;:&quot;WIDGET 3&quot;}</td></tr></table><p class="totop"><a href="#summary">back to summary</a></p>
<h3 id="m25">UnbxdTests.testNG.consoleui.ExpTest#createExperienceTest</h3><table class="result"><tr class="param"><th>Parameter #1</th></tr><tr class="param stripe"><td>{&quot;pageName&quot;:&quot;Brand Page&quot;,&quot;widgetName&quot;:&quot;WIDGET 1&quot;,&quot;desktopTemplate&quot;:&quot;Untitled-layout-771  (desktop browser)&quot;,&quot;mobileTemplate&quot;:&quot;U769  (mobile browser)&quot;,&quot;customAlgo&quot;:&quot;algoCursor&quot;,&quot;EditWidgetType&quot;:&quot;WIDGET 2&quot;}</td></tr></table><p class="totop"><a href="#summary">back to summary</a></p>
<h3 id="m26">UnbxdTests.testNG.consoleui.ExpTest#createExperienceTest</h3><table class="result"><tr class="param"><th>Parameter #1</th></tr><tr class="param stripe"><td>{&quot;pageName&quot;:&quot;Cart Page&quot;,&quot;widgetName&quot;:&quot;WIDGET 3&quot;,&quot;desktopTemplate&quot;:&quot;Untitled-layout-771  (desktop browser)&quot;,&quot;mobileTemplate&quot;:&quot;U769  (mobile browser)&quot;,&quot;customAlgo&quot;:&quot;algoCursor&quot;,&quot;EditWidgetType&quot;:&quot;WIDGET 2&quot;}</td></tr></table><p class="totop"><a href="#summary">back to summary</a></p>
<h3 id="m27">UnbxdTests.testNG.consoleui.MHinstagramLikeBehaaviorTemplateTest#testTemplatesPageElementsInteraction</h3><table class="result"><tr class="param"><th>Parameter #1</th></tr><tr class="param stripe"><td>{&quot;widgetSize&quot;:&quot;700&quot;,&quot;Layout&quot;:&quot;Horizontal&quot;,&quot;ProductsInDisplay&quot;:&quot;6&quot;,&quot;EditWidgetSize&quot;:&quot;700&quot;,&quot;MaximumProducts&quot;:&quot;12&quot;,&quot;TemplateType&quot;:&quot;Boutique&quot;,&quot;ButtonPosition&quot;:&quot;Left&quot;,&quot;Medium&quot;:&quot;Mobile&quot;,&quot;BehaviourType&quot;:&quot;Instagram like behaviour&quot;,&quot;TemplateName&quot;:&quot;autoTemplate1752642758262&quot;}</td></tr></table><p class="totop"><a href="#summary">back to summary</a></p>
<h3 id="m28">UnbxdTests.testNG.consoleui.MHstandardWidgettemplateTest#testTemplatesPageElementsInteraction</h3><table class="result"><tr class="param"><th>Parameter #1</th></tr><tr class="param stripe"><td>{&quot;TemplateType&quot;:&quot;Standard Widget&quot;,&quot;widgetSize&quot;:&quot;700&quot;,&quot;Medium&quot;:&quot;Mobile&quot;,&quot;Layout&quot;:&quot;Horizontal&quot;,&quot;ProductsInDisplay&quot;:&quot;6&quot;,&quot;EditWidgetSize&quot;:&quot;700&quot;,&quot;MaximumProducts&quot;:&quot;12&quot;,&quot;TemplateName&quot;:&quot;autoTemplate1752642784829&quot;}</td></tr></table><p class="totop"><a href="#summary">back to summary</a></p>
<h3 id="m29">UnbxdTests.testNG.consoleui.MHtinderLikeBehaviorTemplateTest#testTemplatesPageElementsInteraction</h3><table class="result"><tr class="param"><th>Parameter #1</th></tr><tr class="param stripe"><td>{&quot;widgetSize&quot;:&quot;700&quot;,&quot;Layout&quot;:&quot;Vertical&quot;,&quot;ProductsInDisplay&quot;:&quot;6&quot;,&quot;EditWidgetSize&quot;:&quot;700&quot;,&quot;MaximumProducts&quot;:&quot;12&quot;,&quot;TemplateType&quot;:&quot;Boutique&quot;,&quot;ButtonPosition&quot;:&quot;Left&quot;,&quot;Medium&quot;:&quot;Mobile&quot;,&quot;BehaviourType&quot;:&quot;Tinder like behaviour&quot;,&quot;TemplateName&quot;:&quot;autoTemplate1752642815324&quot;}</td></tr></table><p class="totop"><a href="#summary">back to summary</a></p>
<h3 id="m30">UnbxdTests.testNG.consoleui.MVboutiqueTemplateTest#testTemplatesPageElementsInteraction</h3><table class="result"><tr class="param"><th>Parameter #1</th></tr><tr class="param stripe"><td>{&quot;widgetSize&quot;:&quot;700&quot;,&quot;Layout&quot;:&quot;Vertical&quot;,&quot;ProductsInDisplay&quot;:&quot;6&quot;,&quot;EditWidgetSize&quot;:&quot;700&quot;,&quot;MaximumProducts&quot;:&quot;12&quot;,&quot;TemplateType&quot;:&quot;Boutique&quot;,&quot;ButtonPosition&quot;:&quot;Left&quot;,&quot;Medium&quot;:&quot;Mobile&quot;,&quot;TemplateName&quot;:&quot;autoTemplate1752642813388&quot;}</td></tr></table><p class="totop"><a href="#summary">back to summary</a></p>
<h3 id="m31">UnbxdTests.testNG.consoleui.MVinstagramLikeBehaviorTemplateTest#testTemplatesPageElementsInteraction</h3><table class="result"><tr class="param"><th>Parameter #1</th></tr><tr class="param stripe"><td>{&quot;widgetSize&quot;:&quot;700&quot;,&quot;Layout&quot;:&quot;Vertical&quot;,&quot;ProductsInDisplay&quot;:&quot;6&quot;,&quot;EditWidgetSize&quot;:&quot;700&quot;,&quot;MaximumProducts&quot;:&quot;12&quot;,&quot;TemplateType&quot;:&quot;Boutique&quot;,&quot;ButtonPosition&quot;:&quot;Left&quot;,&quot;Medium&quot;:&quot;Mobile&quot;,&quot;BehaviourType&quot;:&quot;Instagram like behaviour&quot;,&quot;TemplateName&quot;:&quot;autoTemplate1752642830979&quot;}</td></tr></table><p class="totop"><a href="#summary">back to summary</a></p>
</body>
</html>
